<?xml version="1.0" encoding="UTF-8"?>
<!-- Generated by org.testng.reporters.JUnitXMLReporter -->
<testsuite ignored="0" hostname="TuongVy1812" failures="0" tests="25" name="Command line test" time="122.41" errors="0" timestamp="2025-03-19T16:48:51 ICT">
  <testcase classname="browser.ChromeTest" name="captureNetwork" time="2.628"/>
  <testcase classname="browser.ChromeTest" name="openBetaVersion" time="37.067"/>
  <testcase classname="browser.ChromeTest" name="openSeleniumHomepageThenCapturePerformanceMetrics" time="2.316"/>
  <testcase classname="browser.ChromeTest" name="openWithDefaultMode" time="1.948"/>
  <testcase classname="browser.ChromeTest" name="openWithFakeGeoLocation" time="4.222"/>
  <testcase classname="browser.ChromeTest" name="openWithHeadlessMode" time="1.875"/>
  <testcase classname="browser.ChromeTest" name="openWithMobileViewport" time="1.797"/>
  <testcase classname="browser.ChromeTest" name="openWithOldChromeVersion" time="4.275"/>
  <testcase classname="browser.ChromeTest" name="simulate2GNetworkCondition" time="9.572"/>
  <testcase classname="browser.ChromeTest" name="simulate3GNetworkCondition" time="9.452"/>
  <testcase classname="browser.ChromeTest" name="simulate4GNetworkCondition" time="1.6"/>
  <testcase classname="browser.ChromeTest" name="testInteractWithTag" time="2.955"/>
  <testcase classname="browser.FirefoxTest" name="openWithDefaultMode" time="6.023"/>
  <testcase classname="browser.FirefoxTest" name="openWithHeadlessMode" time="4.209"/>
  <testcase classname="checkboxes.CheckboxesTest" name="theCheckboxesShouldDeselected" time="0.167"/>
  <testcase classname="checkboxes.CheckboxesTest" name="theCheckboxesShouldSelected" time="0.139"/>
  <testcase classname="dropdown.DropdownTest" name="option1ShouldBeSelected" time="0.131"/>
  <testcase classname="dropdown.DropdownTest" name="verifyCanSelectMultipleOptions" time="1.818"/>
  <testcase classname="HoverElements.HoverTest" name="hoverOnAnElement" time="0.607"/>
  <testcase classname="JsAlert.JavascriptAlertTest" name="ableCancelAlert" time="0.092"/>
  <testcase classname="JsAlert.JavascriptAlertTest" name="ableCloseAlert" time="0.088"/>
  <testcase classname="JsAlert.JavascriptAlertTest" name="ableToSendKeyJSPrompt" time="0.1"/>
  <testcase classname="NestedFrame.NestedFrameTest" name="verifyFrameContent" time="0.149"/>
  <testcase classname="WebTable.TableTest" name="verifyMaxDuePersons" time="2.138"/>
  <testcase classname="WebTable.TableTest" name="verifyMinimumDuePersons" time="2.138"/>
</testsuite> <!-- Command line test -->
