<?xml version="1.0" encoding="UTF-8"?>
<!-- Generated by org.testng.reporters.JUnitXMLReporter -->
<testsuite ignored="0" hostname="TuongVy1812" failures="1" tests="8" name="Command line test" time="40.91" errors="0" timestamp="2025-03-15T15:52:52 ICT">
  <testcase classname="browser.ChromeTest" name="openWithDefaultMode" time="10.46"/>
  <testcase classname="browser.ChromeTest" name="openWithFakeGeoLocation" time="4.991"/>
  <testcase classname="browser.ChromeTest" name="openWithHeadlessMode" time="3.536"/>
  <testcase classname="browser.ChromeTest" name="openWithMobileViewport" time="4.336"/>
  <testcase classname="browser.ChromeTest" name="openWithOldChromeVersion" time="3.525">
    <failure type="org.openqa.selenium.NoSuchWindowException" message="no such window: target window already closed
from unknown error: web view not found
  (Session info: chrome=130.0.6723.116)
Build info: version: &amp;apos;4.29.0&amp;apos;, revision: &amp;apos;5fc1ec94cb&amp;apos;
System info: os.name: &amp;apos;Windows 11&amp;apos;, os.arch: &amp;apos;amd64&amp;apos;, os.version: &amp;apos;10.0&amp;apos;, java.version: &amp;apos;17.0.11&amp;apos;
Driver info: org.openqa.selenium.chrome.ChromeDriver
Command: [cd0556fe0eaae7f981360d0bf6bb4b3e, getTitle {}]
Capabilities {acceptInsecureCerts: false, browserName: chrome, browserVersion: 130.0.6723.116, chrome: {chromedriverVersion: 130.0.6723.116 (6ac35f94ae3..., userDataDir: C:\Users\Kitty\AppData\Loca...}, fedcm:accounts: true, goog:chromeOptions: {debuggerAddress: localhost:61044}, networkConnectionEnabled: false, pageLoadStrategy: normal, platformName: windows, proxy: Proxy(), se:cdp: ws://localhost:61044/devtoo..., se:cdpVersion: 130.0.6723.116, setWindowRect: true, strictFileInteractability: false, timeouts: {implicit: 0, pageLoad: 300000, script: 30000}, unhandledPromptBehavior: dismiss and notify, webauthn:extension:credBlob: true, webauthn:extension:largeBlob: true, webauthn:extension:minPinLength: true, webauthn:extension:prf: true, webauthn:virtualAuthenticators: true}
Session ID: cd0556fe0eaae7f981360d0bf6bb4b3e">
      <![CDATA[org.openqa.selenium.NoSuchWindowException: no such window: target window already closed
from unknown error: web view not found
  (Session info: chrome=130.0.6723.116)
Build info: version: '4.29.0', revision: '5fc1ec94cb'
System info: os.name: 'Windows 11', os.arch: 'amd64', os.version: '10.0', java.version: '17.0.11'
Driver info: org.openqa.selenium.chrome.ChromeDriver
Command: [cd0556fe0eaae7f981360d0bf6bb4b3e, getTitle {}]
Capabilities {acceptInsecureCerts: false, browserName: chrome, browserVersion: 130.0.6723.116, chrome: {chromedriverVersion: 130.0.6723.116 (6ac35f94ae3..., userDataDir: C:\Users\Kitty\AppData\Loca...}, fedcm:accounts: true, goog:chromeOptions: {debuggerAddress: localhost:61044}, networkConnectionEnabled: false, pageLoadStrategy: normal, platformName: windows, proxy: Proxy(), se:cdp: ws://localhost:61044/devtoo..., se:cdpVersion: 130.0.6723.116, setWindowRect: true, strictFileInteractability: false, timeouts: {implicit: 0, pageLoad: 300000, script: 30000}, unhandledPromptBehavior: dismiss and notify, webauthn:extension:credBlob: true, webauthn:extension:largeBlob: true, webauthn:extension:minPinLength: true, webauthn:extension:prf: true, webauthn:virtualAuthenticators: true}
Session ID: cd0556fe0eaae7f981360d0bf6bb4b3e
at org.openqa.selenium.remote.ErrorCodec.decode(ErrorCodec.java:167)
at org.openqa.selenium.remote.codec.w3c.W3CHttpResponseCodec.decode(W3CHttpResponseCodec.java:138)
at org.openqa.selenium.remote.codec.w3c.W3CHttpResponseCodec.decode(W3CHttpResponseCodec.java:50)
at org.openqa.selenium.remote.HttpCommandExecutor.execute(HttpCommandExecutor.java:215)
at org.openqa.selenium.remote.service.DriverCommandExecutor.invokeExecute(DriverCommandExecutor.java:216)
at org.openqa.selenium.remote.service.DriverCommandExecutor.execute(DriverCommandExecutor.java:174)
at org.openqa.selenium.remote.RemoteWebDriver.execute(RemoteWebDriver.java:545)
at org.openqa.selenium.remote.RemoteWebDriver.execute(RemoteWebDriver.java:618)
at org.openqa.selenium.remote.RemoteWebDriver.execute(RemoteWebDriver.java:622)
at org.openqa.selenium.remote.RemoteWebDriver.getTitle(RemoteWebDriver.java:318)
at browser.ChromeTest.openWithOldChromeVersion(ChromeTest.java:56)
at java.base/java.util.ArrayList.forEach(ArrayList.java:1511)
... Removed 42 stack frames]]>
    </failure>
  </testcase> <!-- openWithOldChromeVersion -->
  <testcase classname="browser.ChromeTest" name="simulate3GFakeNetworkCondition" time="1.503"/>
  <testcase classname="browser.FirefoxTest" name="openWithDefaultMode" time="6.671"/>
  <testcase classname="browser.FirefoxTest" name="openWithHeadlessMode" time="5.819"/>
</testsuite> <!-- Command line test -->
