<?xml version="1.0" encoding="UTF-8"?>
<testng-results ignored="0" total="25" passed="25" failed="0" skipped="0">
  <reporter-output>
  </reporter-output>
  <suite started-at="2025-03-19T16:46:48 ICT" name="Command line suite" finished-at="2025-03-19T16:48:51 ICT" duration-ms="122410">
    <groups>
    </groups>
    <test started-at="2025-03-19T16:46:48 ICT" name="Command line test" finished-at="2025-03-19T16:48:51 ICT" duration-ms="122410">
      <class name="NestedFrame.NestedFrameTest">
        <test-method is-config="true" signature="setUp()[pri:0, instance:NestedFrame.NestedFrameTest@3e3047e6]" started-at="2025-03-19T16:48:39 ICT" name="setUp" finished-at="2025-03-19T16:48:42 ICT" duration-ms="2652" status="PASS">
          <reporter-output>
          </reporter-output>
        </test-method> <!-- setUp -->
        <test-method signature="verifyFrameContent()[pri:0, instance:NestedFrame.NestedFrameTest@3e3047e6]" started-at="2025-03-19T16:48:42 ICT" name="verifyFrameContent" finished-at="2025-03-19T16:48:42 ICT" duration-ms="149" status="PASS">
          <reporter-output>
          </reporter-output>
        </test-method> <!-- verifyFrameContent -->
        <test-method is-config="true" signature="tearDown()[pri:0, instance:NestedFrame.NestedFrameTest@3e3047e6]" started-at="2025-03-19T16:48:42 ICT" name="tearDown" finished-at="2025-03-19T16:48:42 ICT" duration-ms="127" status="PASS">
          <reporter-output>
          </reporter-output>
        </test-method> <!-- tearDown -->
      </class> <!-- NestedFrame.NestedFrameTest -->
      <class name="HoverElements.HoverTest">
        <test-method is-config="true" signature="setUp()[pri:0, instance:HoverElements.HoverTest@b62fe6d]" started-at="2025-03-19T16:48:29 ICT" name="setUp" finished-at="2025-03-19T16:48:30 ICT" duration-ms="921" status="PASS">
          <reporter-output>
          </reporter-output>
        </test-method> <!-- setUp -->
        <test-method is-config="true" signature="reloadPage()[pri:0, instance:HoverElements.HoverTest@b62fe6d]" started-at="2025-03-19T16:48:30 ICT" name="reloadPage" finished-at="2025-03-19T16:48:34 ICT" duration-ms="3763" status="PASS">
          <reporter-output>
          </reporter-output>
        </test-method> <!-- reloadPage -->
        <test-method signature="hoverOnAnElement()[pri:0, instance:HoverElements.HoverTest@b62fe6d]" started-at="2025-03-19T16:48:34 ICT" name="hoverOnAnElement" finished-at="2025-03-19T16:48:34 ICT" duration-ms="607" status="PASS">
          <reporter-output>
          </reporter-output>
        </test-method> <!-- hoverOnAnElement -->
        <test-method is-config="true" signature="tearDown()[pri:0, instance:HoverElements.HoverTest@b62fe6d]" started-at="2025-03-19T16:48:34 ICT" name="tearDown" finished-at="2025-03-19T16:48:35 ICT" duration-ms="119" status="PASS">
          <reporter-output>
          </reporter-output>
        </test-method> <!-- tearDown -->
      </class> <!-- HoverElements.HoverTest -->
      <class name="dropdown.DropdownTest">
        <test-method is-config="true" signature="setUp()[pri:0, instance:dropdown.DropdownTest@3c153a1]" started-at="2025-03-19T16:48:23 ICT" name="setUp" finished-at="2025-03-19T16:48:27 ICT" duration-ms="4131" status="PASS">
          <reporter-output>
          </reporter-output>
        </test-method> <!-- setUp -->
        <test-method signature="option1ShouldBeSelected()[pri:0, instance:dropdown.DropdownTest@3c153a1]" started-at="2025-03-19T16:48:27 ICT" name="option1ShouldBeSelected" finished-at="2025-03-19T16:48:27 ICT" duration-ms="131" status="PASS">
          <reporter-output>
          </reporter-output>
        </test-method> <!-- option1ShouldBeSelected -->
        <test-method signature="verifyCanSelectMultipleOptions()[pri:0, instance:dropdown.DropdownTest@3c153a1]" started-at="2025-03-19T16:48:27 ICT" name="verifyCanSelectMultipleOptions" finished-at="2025-03-19T16:48:29 ICT" duration-ms="1818" status="PASS">
          <reporter-output>
          </reporter-output>
        </test-method> <!-- verifyCanSelectMultipleOptions -->
        <test-method is-config="true" signature="tearDown()[pri:0, instance:dropdown.DropdownTest@3c153a1]" started-at="2025-03-19T16:48:29 ICT" name="tearDown" finished-at="2025-03-19T16:48:29 ICT" duration-ms="149" status="PASS">
          <reporter-output>
          </reporter-output>
        </test-method> <!-- tearDown -->
      </class> <!-- dropdown.DropdownTest -->
      <class name="WebTable.TableTest">
        <test-method is-config="true" signature="setUp()[pri:0, instance:WebTable.TableTest@37e547da]" started-at="2025-03-19T16:48:42 ICT" name="setUp" finished-at="2025-03-19T16:48:43 ICT" duration-ms="945" status="PASS">
          <reporter-output>
          </reporter-output>
        </test-method> <!-- setUp -->
        <test-method is-config="true" signature="reloadPage()[pri:0, instance:WebTable.TableTest@37e547da]" started-at="2025-03-19T16:48:43 ICT" name="reloadPage" finished-at="2025-03-19T16:48:46 ICT" duration-ms="3007" status="PASS">
          <reporter-output>
          </reporter-output>
        </test-method> <!-- reloadPage -->
        <test-method signature="verifyMaxDuePersons()[pri:0, instance:WebTable.TableTest@37e547da]" started-at="2025-03-19T16:48:46 ICT" name="verifyMaxDuePersons" finished-at="2025-03-19T16:48:48 ICT" duration-ms="2138" status="PASS">
          <reporter-output>
          </reporter-output>
        </test-method> <!-- verifyMaxDuePersons -->
        <test-method is-config="true" signature="reloadPage()[pri:0, instance:WebTable.TableTest@37e547da]" started-at="2025-03-19T16:48:48 ICT" name="reloadPage" finished-at="2025-03-19T16:48:48 ICT" duration-ms="313" status="PASS">
          <reporter-output>
          </reporter-output>
        </test-method> <!-- reloadPage -->
        <test-method signature="verifyMinimumDuePersons()[pri:0, instance:WebTable.TableTest@37e547da]" started-at="2025-03-19T16:48:48 ICT" name="verifyMinimumDuePersons" finished-at="2025-03-19T16:48:50 ICT" duration-ms="2138" status="PASS">
          <reporter-output>
          </reporter-output>
        </test-method> <!-- verifyMinimumDuePersons -->
        <test-method is-config="true" signature="tearDown()[pri:0, instance:WebTable.TableTest@37e547da]" started-at="2025-03-19T16:48:50 ICT" name="tearDown" finished-at="2025-03-19T16:48:51 ICT" duration-ms="192" status="PASS">
          <reporter-output>
          </reporter-output>
        </test-method> <!-- tearDown -->
      </class> <!-- WebTable.TableTest -->
      <class name="browser.FirefoxTest">
        <test-method signature="openWithDefaultMode()[pri:0, instance:browser.FirefoxTest@40e6dfe1]" started-at="2025-03-19T16:48:08 ICT" name="openWithDefaultMode" finished-at="2025-03-19T16:48:14 ICT" duration-ms="6023" status="PASS">
          <reporter-output>
          </reporter-output>
        </test-method> <!-- openWithDefaultMode -->
        <test-method signature="openWithHeadlessMode()[pri:0, instance:browser.FirefoxTest@40e6dfe1]" started-at="2025-03-19T16:48:14 ICT" name="openWithHeadlessMode" finished-at="2025-03-19T16:48:18 ICT" duration-ms="4209" status="PASS">
          <reporter-output>
          </reporter-output>
        </test-method> <!-- openWithHeadlessMode -->
      </class> <!-- browser.FirefoxTest -->
      <class name="browser.ChromeTest">
        <test-method signature="captureNetwork()[pri:0, instance:browser.ChromeTest@52e677af]" started-at="2025-03-19T16:46:48 ICT" name="captureNetwork" finished-at="2025-03-19T16:46:51 ICT" duration-ms="2628" status="PASS">
          <reporter-output>
          </reporter-output>
        </test-method> <!-- captureNetwork -->
        <test-method signature="openBetaVersion()[pri:0, instance:browser.ChromeTest@52e677af]" started-at="2025-03-19T16:46:51 ICT" name="openBetaVersion" finished-at="2025-03-19T16:47:28 ICT" duration-ms="37067" status="PASS">
          <reporter-output>
          </reporter-output>
        </test-method> <!-- openBetaVersion -->
        <test-method signature="openSeleniumHomepageThenCapturePerformanceMetrics()[pri:0, instance:browser.ChromeTest@52e677af]" started-at="2025-03-19T16:47:28 ICT" name="openSeleniumHomepageThenCapturePerformanceMetrics" finished-at="2025-03-19T16:47:30 ICT" duration-ms="2316" status="PASS">
          <reporter-output>
          </reporter-output>
        </test-method> <!-- openSeleniumHomepageThenCapturePerformanceMetrics -->
        <test-method signature="openWithDefaultMode()[pri:0, instance:browser.ChromeTest@52e677af]" started-at="2025-03-19T16:47:30 ICT" name="openWithDefaultMode" finished-at="2025-03-19T16:47:32 ICT" duration-ms="1948" status="PASS">
          <reporter-output>
          </reporter-output>
        </test-method> <!-- openWithDefaultMode -->
        <test-method signature="openWithFakeGeoLocation()[pri:0, instance:browser.ChromeTest@52e677af]" started-at="2025-03-19T16:47:32 ICT" name="openWithFakeGeoLocation" finished-at="2025-03-19T16:47:36 ICT" duration-ms="4222" status="PASS">
          <reporter-output>
          </reporter-output>
        </test-method> <!-- openWithFakeGeoLocation -->
        <test-method signature="openWithHeadlessMode()[pri:0, instance:browser.ChromeTest@52e677af]" started-at="2025-03-19T16:47:36 ICT" name="openWithHeadlessMode" finished-at="2025-03-19T16:47:38 ICT" duration-ms="1875" status="PASS">
          <reporter-output>
          </reporter-output>
        </test-method> <!-- openWithHeadlessMode -->
        <test-method signature="openWithMobileViewport()[pri:0, instance:browser.ChromeTest@52e677af]" started-at="2025-03-19T16:47:38 ICT" name="openWithMobileViewport" finished-at="2025-03-19T16:47:40 ICT" duration-ms="1797" status="PASS">
          <reporter-output>
          </reporter-output>
        </test-method> <!-- openWithMobileViewport -->
        <test-method signature="openWithOldChromeVersion()[pri:0, instance:browser.ChromeTest@52e677af]" started-at="2025-03-19T16:47:40 ICT" name="openWithOldChromeVersion" finished-at="2025-03-19T16:47:44 ICT" duration-ms="4275" status="PASS">
          <reporter-output>
          </reporter-output>
        </test-method> <!-- openWithOldChromeVersion -->
        <test-method signature="simulate2GNetworkCondition()[pri:0, instance:browser.ChromeTest@52e677af]" started-at="2025-03-19T16:47:44 ICT" name="simulate2GNetworkCondition" finished-at="2025-03-19T16:47:54 ICT" duration-ms="9572" status="PASS">
          <reporter-output>
          </reporter-output>
        </test-method> <!-- simulate2GNetworkCondition -->
        <test-method signature="simulate3GNetworkCondition()[pri:0, instance:browser.ChromeTest@52e677af]" started-at="2025-03-19T16:47:54 ICT" name="simulate3GNetworkCondition" finished-at="2025-03-19T16:48:03 ICT" duration-ms="9452" status="PASS">
          <reporter-output>
          </reporter-output>
        </test-method> <!-- simulate3GNetworkCondition -->
        <test-method signature="simulate4GNetworkCondition()[pri:0, instance:browser.ChromeTest@52e677af]" started-at="2025-03-19T16:48:03 ICT" name="simulate4GNetworkCondition" finished-at="2025-03-19T16:48:05 ICT" duration-ms="1600" status="PASS">
          <reporter-output>
          </reporter-output>
        </test-method> <!-- simulate4GNetworkCondition -->
        <test-method signature="testInteractWithTag()[pri:0, instance:browser.ChromeTest@52e677af]" started-at="2025-03-19T16:48:05 ICT" name="testInteractWithTag" finished-at="2025-03-19T16:48:08 ICT" duration-ms="2955" status="PASS">
          <reporter-output>
          </reporter-output>
        </test-method> <!-- testInteractWithTag -->
      </class> <!-- browser.ChromeTest -->
      <class name="JsAlert.JavascriptAlertTest">
        <test-method is-config="true" signature="setUp()[pri:0, instance:JsAlert.JavascriptAlertTest@13acb0d1]" started-at="2025-03-19T16:48:35 ICT" name="setUp" finished-at="2025-03-19T16:48:38 ICT" duration-ms="3954" status="PASS">
          <reporter-output>
          </reporter-output>
        </test-method> <!-- setUp -->
        <test-method signature="ableCancelAlert()[pri:0, instance:JsAlert.JavascriptAlertTest@13acb0d1]" started-at="2025-03-19T16:48:38 ICT" name="ableCancelAlert" finished-at="2025-03-19T16:48:39 ICT" duration-ms="92" status="PASS">
          <reporter-output>
          </reporter-output>
        </test-method> <!-- ableCancelAlert -->
        <test-method signature="ableCloseAlert()[pri:0, instance:JsAlert.JavascriptAlertTest@13acb0d1]" started-at="2025-03-19T16:48:39 ICT" name="ableCloseAlert" finished-at="2025-03-19T16:48:39 ICT" duration-ms="88" status="PASS">
          <reporter-output>
          </reporter-output>
        </test-method> <!-- ableCloseAlert -->
        <test-method signature="ableToSendKeyJSPrompt()[pri:0, instance:JsAlert.JavascriptAlertTest@13acb0d1]" started-at="2025-03-19T16:48:39 ICT" name="ableToSendKeyJSPrompt" finished-at="2025-03-19T16:48:39 ICT" duration-ms="100" status="PASS">
          <reporter-output>
          </reporter-output>
        </test-method> <!-- ableToSendKeyJSPrompt -->
        <test-method is-config="true" signature="tearDown()[pri:0, instance:JsAlert.JavascriptAlertTest@13acb0d1]" started-at="2025-03-19T16:48:39 ICT" name="tearDown" finished-at="2025-03-19T16:48:39 ICT" duration-ms="145" status="PASS">
          <reporter-output>
          </reporter-output>
        </test-method> <!-- tearDown -->
      </class> <!-- JsAlert.JavascriptAlertTest -->
      <class name="checkboxes.CheckboxesTest">
        <test-method is-config="true" signature="setUp()[pri:0, instance:checkboxes.CheckboxesTest@3b2cf7ab]" started-at="2025-03-19T16:48:18 ICT" name="setUp" finished-at="2025-03-19T16:48:19 ICT" duration-ms="948" status="PASS">
          <reporter-output>
          </reporter-output>
        </test-method> <!-- setUp -->
        <test-method is-config="true" signature="reloadPage()[pri:0, instance:checkboxes.CheckboxesTest@3b2cf7ab]" started-at="2025-03-19T16:48:19 ICT" name="reloadPage" finished-at="2025-03-19T16:48:22 ICT" duration-ms="3009" status="PASS">
          <reporter-output>
          </reporter-output>
        </test-method> <!-- reloadPage -->
        <test-method signature="theCheckboxesShouldDeselected()[pri:0, instance:checkboxes.CheckboxesTest@3b2cf7ab]" started-at="2025-03-19T16:48:22 ICT" name="theCheckboxesShouldDeselected" finished-at="2025-03-19T16:48:22 ICT" duration-ms="167" status="PASS">
          <reporter-output>
          </reporter-output>
        </test-method> <!-- theCheckboxesShouldDeselected -->
        <test-method is-config="true" signature="reloadPage()[pri:0, instance:checkboxes.CheckboxesTest@3b2cf7ab]" started-at="2025-03-19T16:48:22 ICT" name="reloadPage" finished-at="2025-03-19T16:48:23 ICT" duration-ms="297" status="PASS">
          <reporter-output>
          </reporter-output>
        </test-method> <!-- reloadPage -->
        <test-method signature="theCheckboxesShouldSelected()[pri:0, instance:checkboxes.CheckboxesTest@3b2cf7ab]" started-at="2025-03-19T16:48:23 ICT" name="theCheckboxesShouldSelected" finished-at="2025-03-19T16:48:23 ICT" duration-ms="139" status="PASS">
          <reporter-output>
          </reporter-output>
        </test-method> <!-- theCheckboxesShouldSelected -->
        <test-method is-config="true" signature="tearDown()[pri:0, instance:checkboxes.CheckboxesTest@3b2cf7ab]" started-at="2025-03-19T16:48:23 ICT" name="tearDown" finished-at="2025-03-19T16:48:23 ICT" duration-ms="154" status="PASS">
          <reporter-output>
          </reporter-output>
        </test-method> <!-- tearDown -->
      </class> <!-- checkboxes.CheckboxesTest -->
    </test> <!-- Command line test -->
  </suite> <!-- Command line suite -->
</testng-results>
