<?xml version="1.0" encoding="UTF-8"?>
<!-- Generated by org.testng.reporters.JUnitReportReporter -->
<testsuite hostname="TuongVy1812" failures="0" tests="12" name="browser.ChromeTest" time="79.707" errors="0" timestamp="2025-03-19T16:48:51 ICT" skipped="0">
  <testcase classname="browser.ChromeTest" name="captureNetwork" time="2.628"/>
  <testcase classname="browser.ChromeTest" name="simulate2GNetworkCondition" time="9.572"/>
  <testcase classname="browser.ChromeTest" name="simulate3GNetworkCondition" time="9.452"/>
  <testcase classname="browser.ChromeTest" name="openWithFakeGeoLocation" time="4.222"/>
  <testcase classname="browser.ChromeTest" name="testInteractWithTag" time="2.955"/>
  <testcase classname="browser.ChromeTest" name="openWithOldChromeVersion" time="4.275"/>
  <testcase classname="browser.ChromeTest" name="simulate4GNetworkCondition" time="1.600"/>
  <testcase classname="browser.ChromeTest" name="openWithMobileViewport" time="1.797"/>
  <testcase classname="browser.ChromeTest" name="openWithHeadlessMode" time="1.875"/>
  <testcase classname="browser.ChromeTest" name="openSeleniumHomepageThenCapturePerformanceMetrics" time="2.316"/>
  <testcase classname="browser.ChromeTest" name="openBetaVersion" time="37.067"/>
  <testcase classname="browser.ChromeTest" name="openWithDefaultMode" time="1.948"/>
</testsuite> <!-- browser.ChromeTest -->
