<?xml version="1.0" encoding="UTF-8"?>
<!-- Generated by org.testng.reporters.JUnitReportReporter -->
<testsuite hostname="TuongVy1812" failures="0" tests="2" name="checkboxes.CheckboxesTest" time="3.612" errors="0" timestamp="2025-03-19T16:48:51 ICT" skipped="0">
  <testcase classname="checkboxes.CheckboxesTest" name="theCheckboxesShouldDeselected" time="3.176"/>
  <testcase classname="checkboxes.CheckboxesTest" name="theCheckboxesShouldSelected" time="0.436"/>
</testsuite> <!-- checkboxes.CheckboxesTest -->
