<?xml version="1.0" encoding="UTF-8"?>
<!-- Generated by org.testng.reporters.JUnitReportReporter -->
<testsuite hostname="TuongVy1812" failures="0" tests="3" name="JsAlert.JavascriptAlertTest" time="0.280" errors="0" timestamp="2025-03-19T16:48:51 ICT" skipped="0">
  <testcase classname="JsAlert.JavascriptAlertTest" name="ableToSendKeyJSPrompt" time="0.100"/>
  <testcase classname="JsAlert.JavascriptAlertTest" name="ableCloseAlert" time="0.088"/>
  <testcase classname="JsAlert.JavascriptAlertTest" name="ableCancelAlert" time="0.092"/>
</testsuite> <!-- JsAlert.JavascriptAlertTest -->
